<?xml version="1.0" encoding="UTF-8"?>
<testsuite xmlns:xsi="http://www.w3.org/2001/XMLSchema-instance" xsi:noNamespaceSchemaLocation="https://maven.apache.org/surefire/maven-surefire-plugin/xsd/surefire-test-report.xsd" name="TicTacToeTest" time="1.681" tests="20" errors="0" skipped="0" failures="0">
  <properties>
[...]
</properties>
  <testcase name="MaxTest" classname="TicTacToeTest" time="0.026"/>
  <testcase name="SinglePlayFindMovesTest2" classname="TicTacToeTest" time="0.255"/>
  <testcase name="MinTest" classname="TicTacToeTest" time="0.021"/>
  <testcase name="WinningFindMovesTest2" classname="TicTacToeTest" time="0.035"/>
  <testcase name="WinningFindMovesTest3" classname="TicTacToeTest" time="0.057"/>
  <testcase name="WinningFindMovesTest4" classname="TicTacToeTest" time="0.05"/>
  <testcase name="MinTest2" classname="TicTacToeTest" time="0.024"/>
  <testcase name="WinningFindMovesTest" classname="TicTacToeTest" time="0.144"/>
  <testcase name="LosingFindMovesTest2" classname="TicTacToeTest" time="0.034"/>
  <testcase name="TieFindMovesTest2" classname="TicTacToeTest" time="0.044"/>
  <testcase name="SinglePlayFindMovesTest" classname="TicTacToeTest" time="0.202"/>
  <testcase name="EmptyboardMinTest1" classname="TicTacToeTest" time="0.094"/>
  <testcase name="EmptyboardFindMovesSizeTest1" classname="TicTacToeTest" time="0.158"/>
  <testcase name="EmptyboardFindMovesTest1" classname="TicTacToeTest" time="0.158"/>
  <testcase name="test" classname="TicTacToeTest" time="0.079"/>
  <testcase name="LosingFindMovesTest" classname="TicTacToeTest" time="0.049"/>
  <testcase name="MaxTest2" classname="TicTacToeTest" time="0.02"/>
  <testcase name="twoPlaysFindMovesTest2" classname="TicTacToeTest" time="0.115"/>
  <testcase name="EmptyboardMaxTest1" classname="TicTacToeTest" time="0.077"/>
  <testcase name="TieFindMovesTest" classname="TicTacToeTest" time="0.03"/>
</testsuite>